  main.cpp
C:\Users\tymon\Desktop\infa\projekt\projekt_informatyka_vs\Projekt 3 SFML\Projekt 3 SFML\main.cpp(23,2): error C2653: "sf": nie jest nazwą klasa lub nazwą przestrzeni nazw
C:\Users\tymon\Desktop\infa\projekt\projekt_informatyka_vs\Projekt 3 SFML\Projekt 3 SFML\main.cpp(23,6): error C2065: "RenderWindow": niezadeklarowany identyfikator
C:\Users\tymon\Desktop\infa\projekt\projekt_informatyka_vs\Projekt 3 SFML\Projekt 3 SFML\main.cpp(23,19): error C2146: błąd składniowy: brakuje „;” przed identyfikatorem „window”
C:\Users\tymon\Desktop\infa\projekt\projekt_informatyka_vs\Projekt 3 SFML\Projekt 3 SFML\main.cpp(23,26): error C2653: "sf": nie jest nazwą klasa lub nazwą przestrzeni nazw
C:\Users\tymon\Desktop\infa\projekt\projekt_informatyka_vs\Projekt 3 SFML\Projekt 3 SFML\main.cpp(23,30): error C3861: "VideoMode": identyfikatora nie odnaleziono
C:\Users\tymon\Desktop\infa\projekt\projekt_informatyka_vs\Projekt 3 SFML\Projekt 3 SFML\main.cpp(23,19): error C3861: "window": identyfikatora nie odnaleziono
C:\Users\tymon\Desktop\infa\projekt\projekt_informatyka_vs\Projekt 3 SFML\Projekt 3 SFML\main.cpp(24,2): error C2653: "sf": nie jest nazwą klasa lub nazwą przestrzeni nazw
C:\Users\tymon\Desktop\infa\projekt\projekt_informatyka_vs\Projekt 3 SFML\Projekt 3 SFML\main.cpp(24,6): error C2065: "RectangleShape": niezadeklarowany identyfikator
C:\Users\tymon\Desktop\infa\projekt\projekt_informatyka_vs\Projekt 3 SFML\Projekt 3 SFML\main.cpp(24,21): error C2146: błąd składniowy: brakuje „;” przed identyfikatorem „prostokat”
C:\Users\tymon\Desktop\infa\projekt\projekt_informatyka_vs\Projekt 3 SFML\Projekt 3 SFML\main.cpp(24,31): error C2653: "sf": nie jest nazwą klasa lub nazwą przestrzeni nazw
C:\Users\tymon\Desktop\infa\projekt\projekt_informatyka_vs\Projekt 3 SFML\Projekt 3 SFML\main.cpp(24,35): error C3861: "Vector2f": identyfikatora nie odnaleziono
C:\Users\tymon\Desktop\infa\projekt\projekt_informatyka_vs\Projekt 3 SFML\Projekt 3 SFML\main.cpp(24,21): error C3861: "prostokat": identyfikatora nie odnaleziono
C:\Users\tymon\Desktop\infa\projekt\projekt_informatyka_vs\Projekt 3 SFML\Projekt 3 SFML\main.cpp(25,2): error C2065: "prostokat": niezadeklarowany identyfikator
C:\Users\tymon\Desktop\infa\projekt\projekt_informatyka_vs\Projekt 3 SFML\Projekt 3 SFML\main.cpp(25,25): error C2653: "sf": nie jest nazwą klasa lub nazwą przestrzeni nazw
C:\Users\tymon\Desktop\infa\projekt\projekt_informatyka_vs\Projekt 3 SFML\Projekt 3 SFML\main.cpp(25,36): error C2065: "Red": niezadeklarowany identyfikator
C:\Users\tymon\Desktop\infa\projekt\projekt_informatyka_vs\Projekt 3 SFML\Projekt 3 SFML\main.cpp(26,2): error C2065: "prostokat": niezadeklarowany identyfikator
C:\Users\tymon\Desktop\infa\projekt\projekt_informatyka_vs\Projekt 3 SFML\Projekt 3 SFML\main.cpp(28,2): error C2653: "sf": nie jest nazwą klasa lub nazwą przestrzeni nazw
C:\Users\tymon\Desktop\infa\projekt\projekt_informatyka_vs\Projekt 3 SFML\Projekt 3 SFML\main.cpp(28,6): error C2065: "CircleShape": niezadeklarowany identyfikator
C:\Users\tymon\Desktop\infa\projekt\projekt_informatyka_vs\Projekt 3 SFML\Projekt 3 SFML\main.cpp(28,18): error C2146: błąd składniowy: brakuje „;” przed identyfikatorem „kolo”
C:\Users\tymon\Desktop\infa\projekt\projekt_informatyka_vs\Projekt 3 SFML\Projekt 3 SFML\main.cpp(28,18): error C3861: "kolo": identyfikatora nie odnaleziono
C:\Users\tymon\Desktop\infa\projekt\projekt_informatyka_vs\Projekt 3 SFML\Projekt 3 SFML\main.cpp(29,2): error C2065: "kolo": niezadeklarowany identyfikator
C:\Users\tymon\Desktop\infa\projekt\projekt_informatyka_vs\Projekt 3 SFML\Projekt 3 SFML\main.cpp(29,20): error C2653: "sf": nie jest nazwą klasa lub nazwą przestrzeni nazw
C:\Users\tymon\Desktop\infa\projekt\projekt_informatyka_vs\Projekt 3 SFML\Projekt 3 SFML\main.cpp(29,31): error C2065: "Blue": niezadeklarowany identyfikator
C:\Users\tymon\Desktop\infa\projekt\projekt_informatyka_vs\Projekt 3 SFML\Projekt 3 SFML\main.cpp(30,2): error C2065: "kolo": niezadeklarowany identyfikator
C:\Users\tymon\Desktop\infa\projekt\projekt_informatyka_vs\Projekt 3 SFML\Projekt 3 SFML\main.cpp(32,2): error C2653: "sf": nie jest nazwą klasa lub nazwą przestrzeni nazw
C:\Users\tymon\Desktop\infa\projekt\projekt_informatyka_vs\Projekt 3 SFML\Projekt 3 SFML\main.cpp(32,6): error C2065: "ConvexShape": niezadeklarowany identyfikator
C:\Users\tymon\Desktop\infa\projekt\projekt_informatyka_vs\Projekt 3 SFML\Projekt 3 SFML\main.cpp(32,18): error C2146: błąd składniowy: brakuje „;” przed identyfikatorem „trojkat”
C:\Users\tymon\Desktop\infa\projekt\projekt_informatyka_vs\Projekt 3 SFML\Projekt 3 SFML\main.cpp(32,18): error C2065: "trojkat": niezadeklarowany identyfikator
C:\Users\tymon\Desktop\infa\projekt\projekt_informatyka_vs\Projekt 3 SFML\Projekt 3 SFML\main.cpp(33,2): error C2065: "trojkat": niezadeklarowany identyfikator
C:\Users\tymon\Desktop\infa\projekt\projekt_informatyka_vs\Projekt 3 SFML\Projekt 3 SFML\main.cpp(34,2): error C2065: "trojkat": niezadeklarowany identyfikator
C:\Users\tymon\Desktop\infa\projekt\projekt_informatyka_vs\Projekt 3 SFML\Projekt 3 SFML\main.cpp(34,22): error C2653: "sf": nie jest nazwą klasa lub nazwą przestrzeni nazw
C:\Users\tymon\Desktop\infa\projekt\projekt_informatyka_vs\Projekt 3 SFML\Projekt 3 SFML\main.cpp(34,26): error C3861: "Vector2f": identyfikatora nie odnaleziono
C:\Users\tymon\Desktop\infa\projekt\projekt_informatyka_vs\Projekt 3 SFML\Projekt 3 SFML\main.cpp(35,2): error C2065: "trojkat": niezadeklarowany identyfikator
C:\Users\tymon\Desktop\infa\projekt\projekt_informatyka_vs\Projekt 3 SFML\Projekt 3 SFML\main.cpp(35,22): error C2653: "sf": nie jest nazwą klasa lub nazwą przestrzeni nazw
C:\Users\tymon\Desktop\infa\projekt\projekt_informatyka_vs\Projekt 3 SFML\Projekt 3 SFML\main.cpp(35,26): error C3861: "Vector2f": identyfikatora nie odnaleziono
C:\Users\tymon\Desktop\infa\projekt\projekt_informatyka_vs\Projekt 3 SFML\Projekt 3 SFML\main.cpp(36,2): error C2065: "trojkat": niezadeklarowany identyfikator
C:\Users\tymon\Desktop\infa\projekt\projekt_informatyka_vs\Projekt 3 SFML\Projekt 3 SFML\main.cpp(36,22): error C2653: "sf": nie jest nazwą klasa lub nazwą przestrzeni nazw
C:\Users\tymon\Desktop\infa\projekt\projekt_informatyka_vs\Projekt 3 SFML\Projekt 3 SFML\main.cpp(36,26): error C3861: "Vector2f": identyfikatora nie odnaleziono
C:\Users\tymon\Desktop\infa\projekt\projekt_informatyka_vs\Projekt 3 SFML\Projekt 3 SFML\main.cpp(37,2): error C2065: "trojkat": niezadeklarowany identyfikator
C:\Users\tymon\Desktop\infa\projekt\projekt_informatyka_vs\Projekt 3 SFML\Projekt 3 SFML\main.cpp(37,23): error C2653: "sf": nie jest nazwą klasa lub nazwą przestrzeni nazw
C:\Users\tymon\Desktop\infa\projekt\projekt_informatyka_vs\Projekt 3 SFML\Projekt 3 SFML\main.cpp(37,34): error C2065: "Green": niezadeklarowany identyfikator
C:\Users\tymon\Desktop\infa\projekt\projekt_informatyka_vs\Projekt 3 SFML\Projekt 3 SFML\main.cpp(38,2): error C2653: "sf": nie jest nazwą klasa lub nazwą przestrzeni nazw
C:\Users\tymon\Desktop\infa\projekt\projekt_informatyka_vs\Projekt 3 SFML\Projekt 3 SFML\main.cpp(38,6): error C2065: "CircleShape": niezadeklarowany identyfikator
C:\Users\tymon\Desktop\infa\projekt\projekt_informatyka_vs\Projekt 3 SFML\Projekt 3 SFML\main.cpp(38,18): error C2146: błąd składniowy: brakuje „;” przed identyfikatorem „shape”
C:\Users\tymon\Desktop\infa\projekt\projekt_informatyka_vs\Projekt 3 SFML\Projekt 3 SFML\main.cpp(38,18): error C3861: "shape": identyfikatora nie odnaleziono
C:\Users\tymon\Desktop\infa\projekt\projekt_informatyka_vs\Projekt 3 SFML\Projekt 3 SFML\main.cpp(39,2): error C2065: "shape": niezadeklarowany identyfikator
C:\Users\tymon\Desktop\infa\projekt\projekt_informatyka_vs\Projekt 3 SFML\Projekt 3 SFML\main.cpp(39,21): error C2653: "sf": nie jest nazwą klasa lub nazwą przestrzeni nazw
C:\Users\tymon\Desktop\infa\projekt\projekt_informatyka_vs\Projekt 3 SFML\Projekt 3 SFML\main.cpp(39,32): error C2065: "Green": niezadeklarowany identyfikator
C:\Users\tymon\Desktop\infa\projekt\projekt_informatyka_vs\Projekt 3 SFML\Projekt 3 SFML\main.cpp(40,9): error C2065: "window": niezadeklarowany identyfikator
C:\Users\tymon\Desktop\infa\projekt\projekt_informatyka_vs\Projekt 3 SFML\Projekt 3 SFML\main.cpp(42,3): error C2653: "sf": nie jest nazwą klasa lub nazwą przestrzeni nazw
C:\Users\tymon\Desktop\infa\projekt\projekt_informatyka_vs\Projekt 3 SFML\Projekt 3 SFML\main.cpp(42,7): error C2065: "Event": niezadeklarowany identyfikator
C:\Users\tymon\Desktop\infa\projekt\projekt_informatyka_vs\Projekt 3 SFML\Projekt 3 SFML\main.cpp(42,13): error C2146: błąd składniowy: brakuje „;” przed identyfikatorem „event”
C:\Users\tymon\Desktop\infa\projekt\projekt_informatyka_vs\Projekt 3 SFML\Projekt 3 SFML\main.cpp(42,13): error C2065: "event": niezadeklarowany identyfikator
C:\Users\tymon\Desktop\infa\projekt\projekt_informatyka_vs\Projekt 3 SFML\Projekt 3 SFML\main.cpp(43,10): error C2065: "window": niezadeklarowany identyfikator
C:\Users\tymon\Desktop\infa\projekt\projekt_informatyka_vs\Projekt 3 SFML\Projekt 3 SFML\main.cpp(43,27): error C2065: "event": niezadeklarowany identyfikator
C:\Users\tymon\Desktop\infa\projekt\projekt_informatyka_vs\Projekt 3 SFML\Projekt 3 SFML\main.cpp(45,8): error C2065: "event": niezadeklarowany identyfikator
C:\Users\tymon\Desktop\infa\projekt\projekt_informatyka_vs\Projekt 3 SFML\Projekt 3 SFML\main.cpp(45,22): error C2653: "sf": nie jest nazwą klasa lub nazwą przestrzeni nazw
C:\Users\tymon\Desktop\infa\projekt\projekt_informatyka_vs\Projekt 3 SFML\Projekt 3 SFML\main.cpp(45,33): error C2065: "Closed": niezadeklarowany identyfikator
C:\Users\tymon\Desktop\infa\projekt\projekt_informatyka_vs\Projekt 3 SFML\Projekt 3 SFML\main.cpp(46,5): error C2065: "window": niezadeklarowany identyfikator
C:\Users\tymon\Desktop\infa\projekt\projekt_informatyka_vs\Projekt 3 SFML\Projekt 3 SFML\main.cpp(48,3): error C2065: "window": niezadeklarowany identyfikator
C:\Users\tymon\Desktop\infa\projekt\projekt_informatyka_vs\Projekt 3 SFML\Projekt 3 SFML\main.cpp(49,3): error C2065: "window": niezadeklarowany identyfikator
C:\Users\tymon\Desktop\infa\projekt\projekt_informatyka_vs\Projekt 3 SFML\Projekt 3 SFML\main.cpp(49,15): error C2065: "prostokat": niezadeklarowany identyfikator
C:\Users\tymon\Desktop\infa\projekt\projekt_informatyka_vs\Projekt 3 SFML\Projekt 3 SFML\main.cpp(50,3): error C2065: "window": niezadeklarowany identyfikator
C:\Users\tymon\Desktop\infa\projekt\projekt_informatyka_vs\Projekt 3 SFML\Projekt 3 SFML\main.cpp(50,15): error C2065: "kolo": niezadeklarowany identyfikator
C:\Users\tymon\Desktop\infa\projekt\projekt_informatyka_vs\Projekt 3 SFML\Projekt 3 SFML\main.cpp(51,3): error C2065: "window": niezadeklarowany identyfikator
C:\Users\tymon\Desktop\infa\projekt\projekt_informatyka_vs\Projekt 3 SFML\Projekt 3 SFML\main.cpp(51,15): error C2065: "trojkat": niezadeklarowany identyfikator
C:\Users\tymon\Desktop\infa\projekt\projekt_informatyka_vs\Projekt 3 SFML\Projekt 3 SFML\main.cpp(52,3): error C2065: "window": niezadeklarowany identyfikator
